   1               		.file	"robot.c"
   2               	__SREG__ = 0x3f
   3               	__SP_H__ = 0x3e
   4               	__SP_L__ = 0x3d
   5               	__CCP__  = 0x34
   6               	__tmp_reg__ = 0
   7               	__zero_reg__ = 1
  15               	.Ltext0:
  16               	.global	initialize
  18               	initialize:
  19               	.LFB9:
  20               	.LM1:
  21               	/* prologue: function */
  22               	/* frame size = 0 */
  23               	.LM2:
  24 0000 B99A      		sbi 55-32,1
  25               	.LM3:
  26 0002 BA9A      		sbi 55-32,2
  27               	.LM4:
  28 0004 8C9A      		sbi 49-32,4
  29               	.LM5:
  30 0006 8D9A      		sbi 49-32,5
  31               	.LM6:
  32 0008 8E9A      		sbi 49-32,6
  33               	.LM7:
  34 000a 8F9A      		sbi 49-32,7
  35               	.LM8:
  36 000c 889A      		sbi 49-32,0
  37               	.LM9:
  38 000e 899A      		sbi 49-32,1
  39               	.LM10:
  40 0010 8A9A      		sbi 49-32,2
  41               	.LM11:
  42 0012 A098      		cbi 52-32,0
  43               	.LM12:
  44 0014 A198      		cbi 52-32,1
  45               	.LM13:
  46 0016 A298      		cbi 52-32,2
  47               	.LM14:
  48 0018 A398      		cbi 52-32,3
  49               	.LM15:
  50 001a A498      		cbi 52-32,4
  51               	.LM16:
  52 001c A598      		cbi 52-32,5
  53               	.LM17:
  54 001e 8B98      		cbi 49-32,3
  55               	.LM18:
  56 0020 949A      		sbi 50-32,4
  57               	.LM19:
  58 0022 9598      		cbi 50-32,5
  59               	.LM20:
  60 0024 969A      		sbi 50-32,6
  61               	.LM21:
  62 0026 9798      		cbi 50-32,7
  63               	.LM22:
  64 0028 80E9      		ldi r24,lo8(400)
  65 002a 91E0      		ldi r25,hi8(400)
  66 002c 97BD      		out (70)+1-32,r25
  67 002e 86BD      		out 70-32,r24
  68               	.LM23:
  69 0030 82EA      		ldi r24,lo8(-94)
  70 0032 8FBD      		out 79-32,r24
  71               	.LM24:
  72 0034 81E1      		ldi r24,lo8(17)
  73 0036 8EBD      		out 78-32,r24
  74               	/* epilogue start */
  75               	.LM25:
  76 0038 0895      		ret
  77               	.LFE9:
  79               	.global	readSensors
  81               	readSensors:
  82               	.LFB10:
  83               	.LM26:
  84               	/* prologue: function */
  85               	/* frame size = 0 */
  86               	.LM27:
  87 003a 83B3      		in r24,51-32
  88 003c 90E0      		ldi r25,lo8(0)
  89 003e 8F73      		andi r24,lo8(63)
  90 0040 9070      		andi r25,hi8(63)
  91 0042 9093 0000 		sts (sensors)+1,r25
  92 0046 8093 0000 		sts sensors,r24
  93               	.LM28:
  94 004a 839B      		sbis 48-32,3
  95 004c 00C0      		rjmp .L5
  96 004e 8064      		ori r24,lo8(64)
  97 0050 9093 0000 		sts (sensors)+1,r25
  98 0054 8093 0000 		sts sensors,r24
  99               	.L5:
 100 0058 0895      		ret
 101               	.LFE10:
 103               	.global	setLeftMotorPwm
 105               	setLeftMotorPwm:
 106               	.LFB11:
 107               	.LM29:
 108               	.LVL0:
 109               	/* prologue: function */
 110               	/* frame size = 0 */
 111               	.LM30:
 112 005a AA27      		clr r26
 113 005c 97FD      		sbrc r25,7
 114 005e A095      		com r26
 115 0060 BA2F      		mov r27,r26
 116               	.LVL1:
 117 0062 BC01      		movw r22,r24
 118 0064 CD01      		movw r24,r26
 119 0066 00D0      		rcall __floatsisf
 120               	.LVL2:
 121 0068 20E0      		ldi r18,lo8(0x42b40000)
 122 006a 30E0      		ldi r19,hi8(0x42b40000)
 123 006c 44EB      		ldi r20,hlo8(0x42b40000)
 124 006e 52E4      		ldi r21,hhi8(0x42b40000)
 125 0070 00D0      		rcall __mulsf3
 126 0072 20E0      		ldi r18,lo8(0x447a0000)
 127 0074 30E0      		ldi r19,hi8(0x447a0000)
 128 0076 4AE7      		ldi r20,hlo8(0x447a0000)
 129 0078 54E4      		ldi r21,hhi8(0x447a0000)
 130 007a 00D0      		rcall __divsf3
 131 007c 00D0      		rcall __fixsfsi
 132 007e 6655      		subi r22,lo8(-(170))
 133 0080 7F4F      		sbci r23,hi8(-(170))
 134 0082 79BD      		out (72)+1-32,r23
 135 0084 68BD      		out 72-32,r22
 136               	/* epilogue start */
 137               	.LM31:
 138 0086 0895      		ret
 139               	.LFE11:
 141               	.global	setRightMotorPwm
 143               	setRightMotorPwm:
 144               	.LFB12:
 145               	.LM32:
 146               	.LVL3:
 147               	/* prologue: function */
 148               	/* frame size = 0 */
 149               	.LM33:
 150 0088 AA27      		clr r26
 151 008a 97FD      		sbrc r25,7
 152 008c A095      		com r26
 153 008e BA2F      		mov r27,r26
 154               	.LVL4:
 155 0090 BC01      		movw r22,r24
 156 0092 CD01      		movw r24,r26
 157 0094 00D0      		rcall __floatsisf
 158               	.LVL5:
 159 0096 20E0      		ldi r18,lo8(0x42fa0000)
 160 0098 30E0      		ldi r19,hi8(0x42fa0000)
 161 009a 4AEF      		ldi r20,hlo8(0x42fa0000)
 162 009c 52E4      		ldi r21,hhi8(0x42fa0000)
 163 009e 00D0      		rcall __mulsf3
 164 00a0 20E0      		ldi r18,lo8(0x447a0000)
 165 00a2 30E0      		ldi r19,hi8(0x447a0000)
 166 00a4 4AE7      		ldi r20,hlo8(0x447a0000)
 167 00a6 54E4      		ldi r21,hhi8(0x447a0000)
 168 00a8 00D0      		rcall __divsf3
 169 00aa 00D0      		rcall __fixsfsi
 170 00ac 6E57      		subi r22,lo8(-(130))
 171 00ae 7F4F      		sbci r23,hi8(-(130))
 172 00b0 7BBD      		out (74)+1-32,r23
 173 00b2 6ABD      		out 74-32,r22
 174               	/* epilogue start */
 175               	.LM34:
 176 00b4 0895      		ret
 177               	.LFE12:
 179               	.global	getDifference
 181               	getDifference:
 182               	.LFB13:
 183               	.LM35:
 184               	/* prologue: function */
 185               	/* frame size = 0 */
 186               	.LBB2:
 187               	.LM36:
 188 00b6 6091 0000 		lds r22,sensors
 189 00ba 7091 0000 		lds r23,(sensors)+1
 190 00be E0E0      		ldi r30,lo8(k)
 191 00c0 F0E0      		ldi r31,hi8(k)
 192 00c2 40E0      		ldi r20,lo8(0)
 193 00c4 50E0      		ldi r21,hi8(0)
 194               	.LVL6:
 195 00c6 26E0      		ldi r18,lo8(6)
 196 00c8 30E0      		ldi r19,hi8(6)
 197               	.L13:
 198 00ca CB01      		movw r24,r22
 199 00cc 022E      		mov r0,r18
 200 00ce 00C0      		rjmp 2f
 201 00d0 9595      	1:	asr r25
 202 00d2 8795      		ror r24
 203 00d4 0A94      	2:	dec r0
 204 00d6 02F4      		brpl 1b
 205 00d8 80FD      		sbrc r24,0
 206 00da 00C0      		rjmp .L11
 207 00dc 80E0      		ldi r24,lo8(0)
 208 00de 90E0      		ldi r25,hi8(0)
 209 00e0 00C0      		rjmp .L12
 210               	.L11:
 211 00e2 8081      		ld r24,Z
 212 00e4 9181      		ldd r25,Z+1
 213               	.L12:
 214 00e6 480F      		add r20,r24
 215 00e8 591F      		adc r21,r25
 216 00ea 2150      		subi r18,lo8(-(-1))
 217 00ec 3040      		sbci r19,hi8(-(-1))
 218 00ee 3296      		adiw r30,2
 219               	.LM37:
 220 00f0 8FEF      		ldi r24,hi8(-1)
 221 00f2 2F3F      		cpi r18,lo8(-1)
 222 00f4 3807      		cpc r19,r24
 223 00f6 01F4      		brne .L13
 224               	.LBE2:
 225               	.LM38:
 226 00f8 CA01      		movw r24,r20
 227               	.LVL7:
 228               	/* epilogue start */
 229 00fa 0895      		ret
 230               	.LFE13:
 232               	.global	diodesDiagnose
 234               	diodesDiagnose:
 235               	.LFB14:
 236               	.LM39:
 237               	/* prologue: function */
 238               	/* frame size = 0 */
 239               	.LM40:
 240 00fc 8091 0000 		lds r24,sensors
 241 0100 83FF      		sbrs r24,3
 242 0102 00C0      		rjmp .L17
 243               	.LM41:
 244 0104 919A      		sbi 50-32,1
 245 0106 00C0      		rjmp .L18
 246               	.L17:
 247               	.LM42:
 248 0108 9198      		cbi 50-32,1
 249               	.L18:
 250               	.LM43:
 251 010a 84FF      		sbrs r24,4
 252 010c 00C0      		rjmp .L19
 253               	.LM44:
 254 010e 909A      		sbi 50-32,0
 255 0110 00C0      		rjmp .L20
 256               	.L19:
 257               	.LM45:
 258 0112 9098      		cbi 50-32,0
 259               	.L20:
 260               	.LM46:
 261 0114 82FF      		sbrs r24,2
 262 0116 00C0      		rjmp .L21
 263               	.LM47:
 264 0118 929A      		sbi 50-32,2
 265 011a 0895      		ret
 266               	.L21:
 267               	.LM48:
 268 011c 9298      		cbi 50-32,2
 269 011e 0895      		ret
 270               	.LFE14:
 272               	.global	main
 274               	main:
 275               	.LFB8:
 276               	.LM49:
 277 0120 4F92      		push r4
 278 0122 5F92      		push r5
 279 0124 6F92      		push r6
 280 0126 7F92      		push r7
 281 0128 8F92      		push r8
 282 012a 9F92      		push r9
 283 012c AF92      		push r10
 284 012e BF92      		push r11
 285 0130 CF92      		push r12
 286 0132 DF92      		push r13
 287 0134 EF92      		push r14
 288 0136 FF92      		push r15
 289 0138 0F93      		push r16
 290 013a 1F93      		push r17
 291 013c CF93      		push r28
 292 013e DF93      		push r29
 293               	/* prologue: function */
 294               	/* frame size = 0 */
 295               	.LM50:
 296 0140 00D0      		rcall initialize
 297               	.LM51:
 298 0142 00D0      		rcall readSensors
 299               	.LM52:
 300 0144 00D0      		rcall getDifference
 301 0146 EC01      		movw r28,r24
 302               	.LVL8:
 303 0148 0F2E      		mov __tmp_reg__,r31
 304 014a F0E0      		ldi r31,lo8(0x0)
 305 014c AF2E      		mov r10,r31
 306 014e F0E0      		ldi r31,hi8(0x0)
 307 0150 BF2E      		mov r11,r31
 308 0152 F0E0      		ldi r31,hlo8(0x0)
 309 0154 CF2E      		mov r12,r31
 310 0156 F0E0      		ldi r31,hhi8(0x0)
 311 0158 DF2E      		mov r13,r31
 312 015a F02D      		mov r31,__tmp_reg__
 313               	.LVL9:
 314 015c 8824      		clr r8
 315 015e 9924      		clr r9
 316               	.LVL10:
 317               	.LM53:
 318 0160 98EE      		ldi r25,lo8(1000)
 319 0162 492E      		mov r4,r25
 320 0164 93E0      		ldi r25,hi8(1000)
 321 0166 592E      		mov r5,r25
 322               	.LVL11:
 323               	.L25:
 324               	.LM54:
 325 0168 00D0      		rcall readSensors
 326               	.LM55:
 327 016a 00D0      		rcall diodesDiagnose
 328               	.LM56:
 329 016c 00D0      		rcall getDifference
 330 016e 3C01      		movw r6,r24
 331               	.LVL12:
 332               	.LM57:
 333 0170 C601      		movw r24,r12
 334 0172 B501      		movw r22,r10
 335 0174 26E6      		ldi r18,lo8(0x3f866666)
 336 0176 36E6      		ldi r19,hi8(0x3f866666)
 337 0178 46E8      		ldi r20,hlo8(0x3f866666)
 338 017a 5FE3      		ldi r21,hhi8(0x3f866666)
 339 017c 00D0      		rcall __divsf3
 340 017e 7B01      		movw r14,r22
 341 0180 8C01      		movw r16,r24
 342 0182 9301      		movw r18,r6
 343 0184 2C1B      		sub r18,r28
 344 0186 3D0B      		sbc r19,r29
 345 0188 8091 0000 		lds r24,kD
 346 018c 9091 0000 		lds r25,(kD)+1
 347 0190 289F      		mul r18,r24
 348 0192 B001      		movw r22,r0
 349 0194 299F      		mul r18,r25
 350 0196 700D      		add r23,r0
 351 0198 389F      		mul r19,r24
 352 019a 700D      		add r23,r0
 353 019c 1124      		clr r1
 354 019e 8827      		clr r24
 355 01a0 77FD      		sbrc r23,7
 356 01a2 8095      		com r24
 357 01a4 982F      		mov r25,r24
 358 01a6 00D0      		rcall __floatsisf
 359 01a8 9B01      		movw r18,r22
 360 01aa AC01      		movw r20,r24
 361 01ac C801      		movw r24,r16
 362 01ae B701      		movw r22,r14
 363 01b0 00D0      		rcall __addsf3
 364 01b2 5B01      		movw r10,r22
 365 01b4 6C01      		movw r12,r24
 366               	.LM58:
 367 01b6 8091 0000 		lds r24,kI
 368 01ba 9091 0000 		lds r25,(kI)+1
 369 01be 689E      		mul r6,r24
 370 01c0 9001      		movw r18,r0
 371 01c2 699E      		mul r6,r25
 372 01c4 300D      		add r19,r0
 373 01c6 789E      		mul r7,r24
 374 01c8 300D      		add r19,r0
 375 01ca 1124      		clr r1
 376               	.LVL13:
 377 01cc 280D      		add r18,r8
 378 01ce 391D      		adc r19,r9
 379               	.LM59:
 380 01d0 83E0      		ldi r24,hi8(1001)
 381 01d2 293E      		cpi r18,lo8(1001)
 382 01d4 3807      		cpc r19,r24
 383 01d6 04F0      		brlt .L26
 384 01d8 28EE      		ldi r18,lo8(1000)
 385 01da 33E0      		ldi r19,hi8(1000)
 386               	.L26:
 387 01dc 4901      		movw r8,r18
 388 01de 8CEF      		ldi r24,hi8(-1000)
 389 01e0 2831      		cpi r18,lo8(-1000)
 390 01e2 3807      		cpc r19,r24
 391 01e4 04F4      		brge .L27
 392 01e6 88E1      		ldi r24,lo8(-1000)
 393 01e8 882E      		mov r8,r24
 394 01ea 8CEF      		ldi r24,hi8(-1000)
 395 01ec 982E      		mov r9,r24
 396               	.LVL14:
 397               	.L27:
 398               	.LM60:
 399 01ee C601      		movw r24,r12
 400 01f0 B501      		movw r22,r10
 401 01f2 00D0      		rcall round
 402 01f4 7B01      		movw r14,r22
 403 01f6 8C01      		movw r16,r24
 404 01f8 B401      		movw r22,r8
 405 01fa 8827      		clr r24
 406 01fc 77FD      		sbrc r23,7
 407 01fe 8095      		com r24
 408 0200 982F      		mov r25,r24
 409               	.LVL15:
 410 0202 00D0      		rcall __floatsisf
 411               	.LVL16:
 412 0204 9B01      		movw r18,r22
 413 0206 AC01      		movw r20,r24
 414 0208 C801      		movw r24,r16
 415 020a B701      		movw r22,r14
 416 020c 00D0      		rcall __addsf3
 417 020e 7B01      		movw r14,r22
 418 0210 8C01      		movw r16,r24
 419 0212 8091 0000 		lds r24,kP
 420 0216 9091 0000 		lds r25,(kP)+1
 421 021a 689E      		mul r6,r24
 422 021c B001      		movw r22,r0
 423 021e 699E      		mul r6,r25
 424 0220 700D      		add r23,r0
 425 0222 789E      		mul r7,r24
 426 0224 700D      		add r23,r0
 427 0226 1124      		clr r1
 428 0228 8827      		clr r24
 429 022a 77FD      		sbrc r23,7
 430 022c 8095      		com r24
 431 022e 982F      		mov r25,r24
 432 0230 00D0      		rcall __floatsisf
 433 0232 9B01      		movw r18,r22
 434 0234 AC01      		movw r20,r24
 435 0236 C801      		movw r24,r16
 436 0238 B701      		movw r22,r14
 437 023a 00D0      		rcall __addsf3
 438 023c 00D0      		rcall __fixsfsi
 439 023e EB01      		movw r28,r22
 440               	.LVL17:
 441               	.LM61:
 442 0240 1616      		cp __zero_reg__,r22
 443 0242 1706      		cpc __zero_reg__,r23
 444 0244 04F4      		brge .L28
 445               	.LM62:
 446 0246 C201      		movw r24,r4
 447               	.LVL18:
 448 0248 8C1B      		sub r24,r28
 449 024a 9D0B      		sbc r25,r29
 450 024c 00D0      		rcall setRightMotorPwm
 451               	.LM63:
 452 024e 88EE      		ldi r24,lo8(1000)
 453 0250 93E0      		ldi r25,hi8(1000)
 454 0252 00C0      		rjmp .L31
 455               	.LVL19:
 456               	.L28:
 457               	.LM64:
 458 0254 88EE      		ldi r24,lo8(1000)
 459 0256 93E0      		ldi r25,hi8(1000)
 460 0258 00D0      		rcall setRightMotorPwm
 461               	.LM65:
 462 025a CE01      		movw r24,r28
 463 025c 8851      		subi r24,lo8(-(1000))
 464 025e 9C4F      		sbci r25,hi8(-(1000))
 465               	.LVL20:
 466               	.L31:
 467 0260 00D0      		rcall setLeftMotorPwm
 468               	.LM66:
 469 0262 E301      		movw r28,r6
 470               	.LVL21:
 471 0264 00C0      		rjmp .L25
 472               	.LFE8:
 474               	.global	k
 475               		.data
 478               	k:
 479 0000 E7FF      		.word	-25
 480 0002 FBFF      		.word	-5
 481 0004 FDFF      		.word	-3
 482 0006 0000      		.word	0
 483 0008 0300      		.word	3
 484 000a 0500      		.word	5
 485 000c 1900      		.word	25
 486               	.global	kP
 489               	kP:
 490 000e 1E00      		.word	30
 491               	.global	kD
 494               	kD:
 495 0010 0A00      		.word	10
 496               	.global	kI
 499               	kI:
 500 0012 1400      		.word	20
 501               	.global	sensors
 502               	.global	sensors
 503               		.section .bss
 506               	sensors:
 507 0000 0000      		.skip 2,0
 580               	.Letext0:
DEFINED SYMBOLS
                            *ABS*:00000000 robot.c
C:\Users\Lucas\AppData\Local\Temp/ccohMumc.s:2      *ABS*:0000003f __SREG__
C:\Users\Lucas\AppData\Local\Temp/ccohMumc.s:3      *ABS*:0000003e __SP_H__
C:\Users\Lucas\AppData\Local\Temp/ccohMumc.s:4      *ABS*:0000003d __SP_L__
C:\Users\Lucas\AppData\Local\Temp/ccohMumc.s:5      *ABS*:00000034 __CCP__
C:\Users\Lucas\AppData\Local\Temp/ccohMumc.s:6      *ABS*:00000000 __tmp_reg__
C:\Users\Lucas\AppData\Local\Temp/ccohMumc.s:7      *ABS*:00000001 __zero_reg__
C:\Users\Lucas\AppData\Local\Temp/ccohMumc.s:18     .text:00000000 initialize
C:\Users\Lucas\AppData\Local\Temp/ccohMumc.s:81     .text:0000003a readSensors
C:\Users\Lucas\AppData\Local\Temp/ccohMumc.s:506    .bss:00000000 sensors
C:\Users\Lucas\AppData\Local\Temp/ccohMumc.s:105    .text:0000005a setLeftMotorPwm
C:\Users\Lucas\AppData\Local\Temp/ccohMumc.s:143    .text:00000088 setRightMotorPwm
C:\Users\Lucas\AppData\Local\Temp/ccohMumc.s:181    .text:000000b6 getDifference
C:\Users\Lucas\AppData\Local\Temp/ccohMumc.s:478    .data:00000000 k
C:\Users\Lucas\AppData\Local\Temp/ccohMumc.s:234    .text:000000fc diodesDiagnose
C:\Users\Lucas\AppData\Local\Temp/ccohMumc.s:274    .text:00000120 main
C:\Users\Lucas\AppData\Local\Temp/ccohMumc.s:494    .data:00000010 kD
C:\Users\Lucas\AppData\Local\Temp/ccohMumc.s:499    .data:00000012 kI
C:\Users\Lucas\AppData\Local\Temp/ccohMumc.s:489    .data:0000000e kP

UNDEFINED SYMBOLS
__floatsisf
__mulsf3
__divsf3
__fixsfsi
__addsf3
round
__do_copy_data
__do_clear_bss
